{"C:\\Users\\adarsh.tiwari\\Desktop\\jktech\\Angular\\git_project\\Baxture\\constant.js": {"path":"C:\\Users\\adarsh.tiwari\\Desktop\\jktech\\Angular\\git_project\\Baxture\\constant.js","statementMap":{"0":{"start":{"line":1,"column":0},"end":{"line":8,"column":1}},"1":{"start":{"line":10,"column":0},"end":{"line":21,"column":1}},"2":{"start":{"line":23,"column":0},"end":{"line":23,"column":50}},"3":{"start":{"line":24,"column":0},"end":{"line":24,"column":25}}},"fnMap":{},"branchMap":{},"s":{"0":1,"1":1,"2":1,"3":1},"f":{},"b":{},"_coverageSchema":"1a1c01bbd47fc00a2c39e90264f33305004495a9","hash":"bfc80aec5ef3b9b46f12da3f1a8b82cad5625a7c"}
,"C:\\Users\\adarsh.tiwari\\Desktop\\jktech\\Angular\\git_project\\Baxture\\model\\User.Model.js": {"path":"C:\\Users\\adarsh.tiwari\\Desktop\\jktech\\Angular\\git_project\\Baxture\\model\\User.Model.js","statementMap":{"0":{"start":{"line":1,"column":15},"end":{"line":1,"column":34}},"1":{"start":{"line":3,"column":11},"end":{"line":8,"column":2}},"2":{"start":{"line":10,"column":0},"end":{"line":10,"column":52}}},"fnMap":{},"branchMap":{},"s":{"0":1,"1":1,"2":1},"f":{},"b":{},"_coverageSchema":"1a1c01bbd47fc00a2c39e90264f33305004495a9","hash":"cf7be89bf18f1929da2b8b0d9aa7826fc3dc3900"}
,"C:\\Users\\adarsh.tiwari\\Desktop\\jktech\\Angular\\git_project\\Baxture\\services\\User.Service.js": {"path":"C:\\Users\\adarsh.tiwari\\Desktop\\jktech\\Angular\\git_project\\Baxture\\services\\User.Service.js","statementMap":{"0":{"start":{"line":1,"column":13},"end":{"line":1,"column":43}},"1":{"start":{"line":2,"column":13},"end":{"line":2,"column":28}},"2":{"start":{"line":3,"column":28},"end":{"line":3,"column":50}},"3":{"start":{"line":4,"column":0},"end":{"line":45,"column":2}},"4":{"start":{"line":6,"column":2},"end":{"line":44,"column":3}},"5":{"start":{"line":8,"column":4},"end":{"line":36,"column":5}},"6":{"start":{"line":9,"column":23},"end":{"line":9,"column":74}},"7":{"start":{"line":11,"column":6},"end":{"line":31,"column":7}},"8":{"start":{"line":12,"column":24},"end":{"line":17,"column":10}},"9":{"start":{"line":19,"column":19},"end":{"line":19,"column":39}},"10":{"start":{"line":20,"column":8},"end":{"line":23,"column":11}},"11":{"start":{"line":25,"column":8},"end":{"line":30,"column":11}},"12":{"start":{"line":33,"column":6},"end":{"line":35,"column":78}},"13":{"start":{"line":40,"column":4},"end":{"line":43,"column":7}},"14":{"start":{"line":47,"column":0},"end":{"line":63,"column":2}},"15":{"start":{"line":48,"column":2},"end":{"line":62,"column":3}},"16":{"start":{"line":50,"column":16},"end":{"line":50,"column":33}},"17":{"start":{"line":52,"column":4},"end":{"line":55,"column":7}},"18":{"start":{"line":58,"column":4},"end":{"line":61,"column":7}},"19":{"start":{"line":65,"column":0},"end":{"line":85,"column":2}},"20":{"start":{"line":66,"column":2},"end":{"line":84,"column":3}},"21":{"start":{"line":68,"column":16},"end":{"line":68,"column":61}},"22":{"start":{"line":69,"column":4},"end":{"line":78,"column":5}},"23":{"start":{"line":70,"column":6},"end":{"line":73,"column":9}},"24":{"start":{"line":75,"column":6},"end":{"line":77,"column":77}},"25":{"start":{"line":80,"column":4},"end":{"line":83,"column":7}},"26":{"start":{"line":87,"column":0},"end":{"line":109,"column":2}},"27":{"start":{"line":88,"column":2},"end":{"line":108,"column":3}},"28":{"start":{"line":90,"column":16},"end":{"line":90,"column":61}},"29":{"start":{"line":91,"column":4},"end":{"line":102,"column":5}},"30":{"start":{"line":92,"column":6},"end":{"line":92,"column":74}},"31":{"start":{"line":93,"column":23},"end":{"line":93,"column":68}},"32":{"start":{"line":94,"column":6},"end":{"line":97,"column":9}},"33":{"start":{"line":99,"column":6},"end":{"line":101,"column":74}},"34":{"start":{"line":104,"column":4},"end":{"line":107,"column":7}},"35":{"start":{"line":111,"column":0},"end":{"line":132,"column":2}},"36":{"start":{"line":112,"column":2},"end":{"line":131,"column":3}},"37":{"start":{"line":113,"column":16},"end":{"line":113,"column":61}},"38":{"start":{"line":115,"column":4},"end":{"line":125,"column":5}},"39":{"start":{"line":117,"column":6},"end":{"line":117,"column":54}},"40":{"start":{"line":118,"column":6},"end":{"line":120,"column":9}},"41":{"start":{"line":122,"column":6},"end":{"line":124,"column":77}},"42":{"start":{"line":127,"column":4},"end":{"line":130,"column":7}},"43":{"start":{"line":134,"column":0},"end":{"line":145,"column":2}},"44":{"start":{"line":135,"column":2},"end":{"line":144,"column":3}},"45":{"start":{"line":136,"column":4},"end":{"line":138,"column":71}},"46":{"start":{"line":140,"column":4},"end":{"line":143,"column":7}},"47":{"start":{"line":148,"column":2},"end":{"line":164,"column":3}},"48":{"start":{"line":149,"column":4},"end":{"line":160,"column":5}},"49":{"start":{"line":151,"column":6},"end":{"line":154,"column":7}},"50":{"start":{"line":153,"column":8},"end":{"line":153,"column":20}},"51":{"start":{"line":156,"column":6},"end":{"line":156,"column":19}},"52":{"start":{"line":159,"column":6},"end":{"line":159,"column":19}},"53":{"start":{"line":163,"column":4},"end":{"line":163,"column":17}}},"fnMap":{"0":{"name":"(anonymous_0)","decl":{"start":{"line":4,"column":21},"end":{"line":4,"column":22}},"loc":{"start":{"line":4,"column":41},"end":{"line":45,"column":1}},"line":4},"1":{"name":"(anonymous_1)","decl":{"start":{"line":47,"column":22},"end":{"line":47,"column":23}},"loc":{"start":{"line":47,"column":42},"end":{"line":63,"column":1}},"line":47},"2":{"name":"(anonymous_2)","decl":{"start":{"line":65,"column":22},"end":{"line":65,"column":23}},"loc":{"start":{"line":65,"column":42},"end":{"line":85,"column":1}},"line":65},"3":{"name":"(anonymous_3)","decl":{"start":{"line":87,"column":25},"end":{"line":87,"column":26}},"loc":{"start":{"line":87,"column":45},"end":{"line":109,"column":1}},"line":87},"4":{"name":"(anonymous_4)","decl":{"start":{"line":111,"column":25},"end":{"line":111,"column":26}},"loc":{"start":{"line":111,"column":45},"end":{"line":132,"column":1}},"line":111},"5":{"name":"(anonymous_5)","decl":{"start":{"line":134,"column":27},"end":{"line":134,"column":28}},"loc":{"start":{"line":134,"column":47},"end":{"line":145,"column":1}},"line":134},"6":{"name":"validate_User_Input","decl":{"start":{"line":147,"column":9},"end":{"line":147,"column":28}},"loc":{"start":{"line":147,"column":34},"end":{"line":165,"column":1}},"line":147}},"branchMap":{"0":{"loc":{"start":{"line":8,"column":4},"end":{"line":36,"column":5}},"type":"if","locations":[{"start":{"line":8,"column":4},"end":{"line":36,"column":5}},{"start":{"line":32,"column":11},"end":{"line":36,"column":5}}],"line":8},"1":{"loc":{"start":{"line":11,"column":6},"end":{"line":31,"column":7}},"type":"if","locations":[{"start":{"line":11,"column":6},"end":{"line":31,"column":7}},{"start":{"line":24,"column":13},"end":{"line":31,"column":7}}],"line":11},"2":{"loc":{"start":{"line":69,"column":4},"end":{"line":78,"column":5}},"type":"if","locations":[{"start":{"line":69,"column":4},"end":{"line":78,"column":5}},{"start":{"line":74,"column":11},"end":{"line":78,"column":5}}],"line":69},"3":{"loc":{"start":{"line":91,"column":4},"end":{"line":102,"column":5}},"type":"if","locations":[{"start":{"line":91,"column":4},"end":{"line":102,"column":5}},{"start":{"line":98,"column":11},"end":{"line":102,"column":5}}],"line":91},"4":{"loc":{"start":{"line":115,"column":4},"end":{"line":125,"column":5}},"type":"if","locations":[{"start":{"line":115,"column":4},"end":{"line":125,"column":5}},{"start":{"line":121,"column":11},"end":{"line":125,"column":5}}],"line":115},"5":{"loc":{"start":{"line":149,"column":4},"end":{"line":160,"column":5}},"type":"if","locations":[{"start":{"line":149,"column":4},"end":{"line":160,"column":5}},{"start":{"line":157,"column":11},"end":{"line":160,"column":5}}],"line":149},"6":{"loc":{"start":{"line":149,"column":8},"end":{"line":149,"column":61}},"type":"binary-expr","locations":[{"start":{"line":149,"column":8},"end":{"line":149,"column":25}},{"start":{"line":149,"column":29},"end":{"line":149,"column":41}},{"start":{"line":149,"column":45},"end":{"line":149,"column":61}}],"line":149},"7":{"loc":{"start":{"line":151,"column":6},"end":{"line":154,"column":7}},"type":"if","locations":[{"start":{"line":151,"column":6},"end":{"line":154,"column":7}},{"start":{},"end":{}}],"line":151}},"s":{"0":1,"1":1,"2":1,"3":1,"4":2,"5":2,"6":2,"7":2,"8":1,"9":1,"10":1,"11":1,"12":0,"13":0,"14":1,"15":2,"16":2,"17":1,"18":1,"19":1,"20":3,"21":3,"22":2,"23":1,"24":1,"25":1,"26":1,"27":0,"28":0,"29":0,"30":0,"31":0,"32":0,"33":0,"34":0,"35":1,"36":4,"37":4,"38":3,"39":2,"40":1,"41":1,"42":2,"43":1,"44":0,"45":0,"46":0,"47":2,"48":2,"49":2,"50":2,"51":0,"52":0,"53":0},"f":{"0":2,"1":2,"2":3,"3":0,"4":4,"5":0,"6":2},"b":{"0":[2,0],"1":[1,1],"2":[1,1],"3":[0,0],"4":[2,1],"5":[2,0],"6":[2,2,2],"7":[2,0]},"_coverageSchema":"1a1c01bbd47fc00a2c39e90264f33305004495a9","hash":"edc6f38afa70d2bee544a25b5c30bde07f6a2651"}
}
