TN:
SF:constant.js
FNF:0
FNH:0
DA:1,1
DA:10,1
DA:23,1
DA:24,1
LF:4
LH:4
BRF:0
BRH:0
end_of_record
TN:
SF:model\User.Model.js
FNF:0
FNH:0
DA:1,1
DA:3,1
DA:10,1
LF:3
LH:3
BRF:0
BRH:0
end_of_record
TN:
SF:services\User.Service.js
FN:4,(anonymous_0)
FN:47,(anonymous_1)
FN:65,(anonymous_2)
FN:87,(anonymous_3)
FN:111,(anonymous_4)
FN:134,(anonymous_5)
FN:147,validate_User_Input
FNF:7
FNH:5
FNDA:2,(anonymous_0)
FNDA:2,(anonymous_1)
FNDA:3,(anonymous_2)
FNDA:0,(anonymous_3)
FNDA:4,(anonymous_4)
FNDA:0,(anonymous_5)
FNDA:2,validate_User_Input
DA:1,1
DA:2,1
DA:3,1
DA:4,1
DA:6,2
DA:8,2
DA:9,2
DA:11,2
DA:12,1
DA:19,1
DA:20,1
DA:25,1
DA:33,0
DA:40,0
DA:47,1
DA:48,2
DA:50,2
DA:52,1
DA:58,1
DA:65,1
DA:66,3
DA:68,3
DA:69,2
DA:70,1
DA:75,1
DA:80,1
DA:87,1
DA:88,0
DA:90,0
DA:91,0
DA:92,0
DA:93,0
DA:94,0
DA:99,0
DA:104,0
DA:111,1
DA:112,4
DA:113,4
DA:115,3
DA:117,2
DA:118,1
DA:122,1
DA:127,2
DA:134,1
DA:135,0
DA:136,0
DA:140,0
DA:148,2
DA:149,2
DA:151,2
DA:153,2
DA:156,0
DA:159,0
DA:163,0
LF:54
LH:38
BRDA:8,0,0,2
BRDA:8,0,1,0
BRDA:11,1,0,1
BRDA:11,1,1,1
BRDA:69,2,0,1
BRDA:69,2,1,1
BRDA:91,3,0,0
BRDA:91,3,1,0
BRDA:115,4,0,2
BRDA:115,4,1,1
BRDA:149,5,0,2
BRDA:149,5,1,0
BRDA:149,6,0,2
BRDA:149,6,1,2
BRDA:149,6,2,2
BRDA:151,7,0,2
BRDA:151,7,1,0
BRF:17
BRH:12
end_of_record
